sp|P69906|HBA_PANPA
sp|P69905|HBA_HUMAN
sp|P69907|HBA_PANTR
tr|A0A2J8R2J5|A0A2J8R2J5_PONAB
sp|P01923|HBA_GORGO
tr|A0A2K6TFX8|A0A2K6TFX8_SAIBB
sp|P01935|HBA3_PANTR
sp|P01934|HBA3_GORGO
tr|A0A2R9B6C3|A0A2R9B6C3_PANPA
sp|P01958|HBA_HORSE
tr|G3SF30|G3SF30_GORGO
tr|A0A3Q2H875|A0A3Q2H875_HORSE
sp|P07405|HBA_FELCA
tr|Q28383|Q28383_HORSE
tr|G3RLZ6|G3RLZ6_GORGO
tr|A0A2I3TML6|A0A2I3TML6_PANTR
tr|A0A384A3E4|A0A384A3E4_BALAS
tr|J9JHF7|J9JHF7_CANLF
tr|G3RNU8|G3RNU8_GORGO
tr|A0A3Q7REP8|A0A3Q7REP8_VULVU
sp|P60529|HBA_CANLF
sp|P21200|HBA_VULVU
tr|D3U1H2|D3U1H2_LOXAF
sp|P01955|HBA_LOXAF
tr|A0A0A0MQ02|A0A0A0MQ02_FELCA
tr|G3V1N2|G3V1N2_HUMAN
tr|J9NXL3|J9NXL3_CANLF
tr|A0A2R9B8M8|A0A2R9B8M8_PANPA
tr|A0A6I8NYG5|A0A6I8NYG5_ORNAN
sp|P01979|HBA_ORNAN
tr|A0A6I8NZ57|A0A6I8NZ57_ORNAN
tr|A0A2K6TFT5|A0A2K6TFT5_SAIBB
tr|A0A6I8NFF3|A0A6I8NFF3_ORNAN
sp|P01994|HBA_CHICK
tr|A0A5F5Q0Z8|A0A5F5Q0Z8_HORSE
tr|A0A3Q7SFR3|A0A3Q7SFR3_VULVU
tr|A0A5F5PI90|A0A5F5PI90_HORSE
tr|G3X8H7|G3X8H7_LOXAF
tr|A0A5F4DHT8|A0A5F4DHT8_CANLF
tr|A0A5K1UJY4|A0A5K1UJY4_FELCA
tr|A0A2R8Y7C0|A0A2R8Y7C0_HUMAN
tr|A0A2I2UFY2|A0A2I2UFY2_FELCA
tr|G3RJU5|G3RJU5_GORGO
sp|P02001|HBAD_CHICK
sp|P02007|HBPI_CHICK
tr|A0A2R9BK37|A0A2R9BK37_PANPA
sp|P09105|HBAT_HUMAN
tr|A0A2I3SN30|A0A2I3SN30_PANTR
tr|A0A384A3F0|A0A384A3F0_BALAS
tr|A0A384A3S6|A0A384A3S6_BALAS
tr|A0A5F4CYE6|A0A5F4CYE6_CANLF
tr|G3UJH3|G3UJH3_LOXAF
sp|P13787|HBAZ_HORSE
sp|P02008|HBAZ_HUMAN
tr|A0A3Q2I2J3|A0A3Q2I2J3_HORSE
tr|G3U5A2|G3U5A2_LOXAF
tr|A0A3Q7R381|A0A3Q7R381_VULVU
tr|G3SEU0|G3SEU0_GORGO
tr|A0A5F4CKP6|A0A5F4CKP6_CANLF
tr|A0A2I2UT27|A0A2I2UT27_FELCA
tr|A0A2R8ZJQ4|A0A2R8ZJQ4_PANPA
sp|P06347|HBAZ_PANTR
sp|P06714|HBAT_HORSE
tr|H2NPI8|H2NPI8_PONAB
tr|J9P710|J9P710_CANLF
tr|A0A6I8PQ12|A0A6I8PQ12_ORNAN
tr|A0A6I8N7A0|A0A6I8N7A0_ORNAN
tr|A0A2I3RP32|A0A2I3RP32_PANTR
tr|K7EFP3|K7EFP3_ORNAN
tr|A0A5F4DKA2|A0A5F4DKA2_CANLF
tr|A0A3Q7RF35|A0A3Q7RF35_VULVU
sp|Q6B0K9|HBM_HUMAN
tr|A0A2K6U7R3|A0A2K6U7R3_SAIBB
tr|H2NPI6|H2NPI6_PONAB
tr|G3QY87|G3QY87_GORGO
tr|A0A2R8ZJR3|A0A2R8ZJR3_PANPA
tr|H2R1M1|H2R1M1_PANTR
tr|A0A384A3I4|A0A384A3I4_BALAS
tr|A0A6I8MZR1|A0A6I8MZR1_ORNAN
tr|M3WAU3|M3WAU3_FELCA
tr|A0A6I8NJE6|A0A6I8NJE6_ORNAN
tr|A0A5F5XCH4|A0A5F5XCH4_FELCA
tr|A0A5F5Y0M8|A0A5F5Y0M8_FELCA
tr|J9NVU7|J9NVU7_CANLF
tr|A0A2R9AC19|A0A2R9AC19_PANPA
sp|P61772|HBD_PANTR
sp|P61773|HBD_GORGO
sp|P02024|HBB_GORGO
tr|H2NEE2|H2NEE2_PONAB
sp|P02042|HBD_HUMAN
sp|P68872|HBB_PANPA
sp|P68871|HBB_HUMAN
sp|P68873|HBB_PANTR
tr|G3SIN5|G3SIN5_GORGO
sp|P69891|HBG1_HUMAN
sp|P61920|HBG1_PANTR
sp|P69892|HBG2_HUMAN
sp|P61921|HBG2_PANTR
sp|P62742|HBG2_GORGO
tr|G3SBL4|G3SBL4_GORGO
sp|Q28779|HBG1_PANPA
tr|H2R5L8|H2R5L8_PANTR
sp|P62741|HBG1_GORGO
tr|A0A5F5XZS1|A0A5F5XZS1_FELCA
sp|Q45XJ0|HBD_LOXAF
sp|P02085|HBB_LOXAF
tr|H2NED9|H2NED9_PONAB
tr|A0A3Q7REE8|A0A3Q7REE8_VULVU
sp|P21201|HBB_VULVU
tr|H2NED8|H2NED8_PONAB
tr|A0A2K6S1A6|A0A2K6S1A6_SAIBB
tr|F6RF57|F6RF57_HORSE
tr|A0A3Q7SPY7|A0A3Q7SPY7_VULVU
tr|M3WVZ4|M3WVZ4_FELCA
tr|A0A383ZCZ3|A0A383ZCZ3_BALAS
tr|G5E759|G5E759_LOXAF
tr|A0A2I2U6J8|A0A2I2U6J8_FELCA
sp|P60524|HBB_CANLF
sp|P07412|HBB_FELCA
tr|E2RLH6|E2RLH6_CANLF
tr|M3WND9|M3WND9_FELCA
tr|A0A383ZDH0|A0A383ZDH0_BALAS
tr|A0A2K6U507|A0A2K6U507_SAIBB
sp|P02112|HBB_CHICK
tr|A0A3Q7RPS7|A0A3Q7RPS7_VULVU
sp|P02127|HBRH_CHICK
tr|A0A3Q7RPP1|A0A3Q7RPP1_VULVU
tr|G3TM42|G3TM42_LOXAF
tr|F6PNA4|F6PNA4_CANLF
sp|Q45XH8|HBG_LOXAF
tr|A0A2I2UXL4|A0A2I2UXL4_FELCA
tr|A0A5F4C1A2|A0A5F4C1A2_CANLF
tr|A0A5F5XHE9|A0A5F5XHE9_FELCA
tr|A0A5F4DDY0|A0A5F4DDY0_CANLF
tr|H2QA68|H2QA68_PANTR
tr|A0A1K0FUK6|A0A1K0FUK6_HORSE
tr|A0A5F4D7C9|A0A5F4D7C9_CANLF
tr|F1PYZ1|F1PYZ1_CANLF
sp|Q28775|HBE_PANPA
tr|A0A2R9BP35|A0A2R9BP35_PANPA
sp|P02100|HBE_HUMAN
sp|Q6LDH1|HBE_PANTR
sp|Q6LDH0|HBE_GORGO
tr|A0A6I8PBU0|A0A6I8PBU0_ORNAN
sp|P02111|HBB_ORNAN
sp|P02128|HBE_CHICK
tr|A0A1D5P4A2|A0A1D5P4A2_CHICK
tr|A0A2J8SVW9|A0A2J8SVW9_PONAB
tr|A0A5F5Y5C2|A0A5F5Y5C2_FELCA
tr|A0A2R8Y7X9|A0A2R8Y7X9_HUMAN
sp|P68029|HBE_SAIBB
tr|A0A5F5Q369|A0A5F5Q369_HORSE
tr|Q90864|Q90864_CHICK
tr|A0A2R9BEB9|A0A2R9BEB9_PANPA
tr|H2RB13|H2RB13_PANTR
tr|F7AI41|F7AI41_ORNAN
tr|A0A6I8PII1|A0A6I8PII1_ORNAN
tr|A0A6I8P156|A0A6I8P156_ORNAN
sp|P02062|HBB_HORSE
tr|F6VE37|F6VE37_HORSE
tr|A0A2R9BLH4|A0A2R9BLH4_PANPA
tr|E9PBW4|E9PBW4_HUMAN
tr|A0A2R9BLC6|A0A2R9BLC6_PANPA
tr|G3RYX7|G3RYX7_GORGO
tr|A0A5F5XZB1|A0A5F5XZB1_FELCA
tr|E9PFT6|E9PFT6_HUMAN
tr|A0A2R9A6U0|A0A2R9A6U0_PANPA
tr|A0A2I3T2P6|A0A2I3T2P6_PANTR
tr|G3RZQ0|G3RZQ0_GORGO
tr|E9PEW8|E9PEW8_HUMAN
tr|A0A5F4CRA8|A0A5F4CRA8_CANLF
